=== Baseline 2.1 — Console mirror (2026-01-18) ===
Fonte de verdade: Console Unity (copiado manualmente).

--- Segmento A: Victory -> PostGame -> Restart (Boot cycle) -> Playing ---
[VERBOSE] [GameRunEndRequestService] RequestEnd(Victory, reason='Gameplay/DevManualVictory') (@ 11,39s)
[INFO] [GameRunOutcomeService] [GameLoop] Publicando GameRunEndedEvent. Outcome=Victory, Reason='Gameplay/DevManualVictory'.
[INFO] [GameRunStatusService] [GameLoop] GameRunStatus atualizado. Outcome=Victory, Reason='Gameplay/DevManualVictory'.
[VERBOSE] [GameRunStatusService] [GameLoop] GameRunEndedEvent (Outcome=Victory) -> PostGame sem PauseOverlay (pausa suprimida). (@ 11,39s)
<color=#A8DEED>[VERBOSE] [PostGameOverlayController] [PostGame] GameRunEndedEvent recebido. Exibindo overlay. (@ 11,39s)</color>
<color=#A8DEED>[INFO] [GameLoopEventInputBridge] [GameLoop] RestartRequested -> RequestReset (expect Boot cycle). reason='PostGame/Restart'.</color>
<color=#A8DEED>[INFO] [RestartNavigationBridge] [Navigation] GameResetRequestedEvent recebido -> RequestGameplayAsync. reason='PostGame/Restart'.</color>
<color=#A8DEED>[INFO] [GameNavigationService] [Navigation] NavigateAsync -> routeId='to-gameplay', reason='PostGame/Restart', Load=[GameplayScene, UIGlobalScene], Unload=[MenuScene], Active='GameplayScene', UseFade=True, Profile='gameplay'.</color>
<color=#A8DEED>[INFO] [SceneTransitionService] [SceneFlow] TransitionStarted signature='p:gameplay|a:GameplayScene|f:1|l:GameplayScene|UIGlobalScene|u:MenuScene' profile='gameplay' Load=[GameplayScene, UIGlobalScene], Unload=[MenuScene], Active='GameplayScene', UseFade=True, Profile='gameplay'</color>
[INFO] [PostGameOverlayController] [PostGame] Restart solicitado via overlay. reason='PostGame/Restart'.
<color=#A8DEED>[INFO] [GameLoopService] [GameLoop] Restart->Boot confirmado (reinício determinístico).</color>
<color=#A8DEED>[VERBOSE] [WorldLifecycleSceneFlowResetDriver] [WorldLifecycle] Disparando ResetWorld para 1 controller(s). signature='p:gameplay|a:GameplayScene|f:1|l:GameplayScene|UIGlobalScene|u:MenuScene', targetScene='GameplayScene'. (@ 14,22s)</color>
[INFO] [WorldLifecycleController] Reset iniciado. reason='SceneFlow/ScenesReady', scene='GameplayScene'.
[INFO] [WorldLifecycleOrchestrator] World Reset Completed
[INFO] [WorldLifecycleController] Reset concluído. reason='SceneFlow/ScenesReady', scene='GameplayScene'.
<color=#4CAF50>[VERBOSE] [WorldLifecycleSceneFlowResetDriver] [WorldLifecycle] ResetWorld concluído (ScenesReady). signature='p:gameplay|a:GameplayScene|f:1|l:GameplayScene|UIGlobalScene|u:MenuScene', targetScene='GameplayScene'. (@ 14,23s)</color>
<color=#A8DEED>[INFO] [SceneTransitionService] [SceneFlow] ScenesReady signature='p:gameplay|a:GameplayScene|f:1|l:GameplayScene|UIGlobalScene|u:MenuScene' profile='gameplay'.</color>
<color=#4CAF50>[INFO] [SceneTransitionService] [SceneFlow] TransitionCompleted signature='p:gameplay|a:GameplayScene|f:1|l:GameplayScene|UIGlobalScene|u:MenuScene' profile='gameplay'.</color>
<color=#A8DEED>[INFO] [IntroStageCoordinator] [OBS][IntroStage] IntroStageStarted signature='p:gameplay|a:GameplayScene|f:1|l:GameplayScene|UIGlobalScene|u:MenuScene' profile='gameplay' target='GameplayScene' reason='SceneFlow/Completed'.</color>
<color=#A8DEED>[INFO] [IntroStageCoordinator] [OBS][IntroStage] IntroStageCompleted signature='p:gameplay|a:GameplayScene|f:1|l:GameplayScene|UIGlobalScene|u:MenuScene' result='completed' profile='gameplay' target='GameplayScene'.</color>
[VERBOSE] [GameLoopService] [GameLoop] ENTER: Playing (active=True) (@ 17,87s)

--- Segmento B: Defeat (Timeout) -> PostGame -> ExitToMenu -> SceneFlow(frontend) ---
[VERBOSE] [GameRunEndRequestService] RequestEnd(Defeat, reason='Gameplay/Timeout') (@ 96,35s)
[INFO] [GameRunOutcomeService] [GameLoop] Publicando GameRunEndedEvent. Outcome=Defeat, Reason='Gameplay/Timeout'.
[INFO] [GameRunStatusService] [GameLoop] GameRunStatus atualizado. Outcome=Defeat, Reason='Gameplay/Timeout'.
<color=#A8DEED>[VERBOSE] [PostGameOverlayController] [PostGame] GameRunEndedEvent recebido. Exibindo overlay. (@ 96,36s)</color>
<color=#A8DEED>[INFO] [ExitToMenuNavigationBridge] [Navigation] ExitToMenu recebido -> RequestMenuAsync. routeId='to-menu', reason='PostGame/ExitToMenu'.</color>
<color=#A8DEED>[INFO] [GameNavigationService] [Navigation] NavigateAsync -> routeId='to-menu', reason='PostGame/ExitToMenu', Load=[MenuScene, UIGlobalScene], Unload=[GameplayScene], Active='MenuScene', UseFade=True, Profile='frontend'.</color>
<color=#A8DEED>[INFO] [SceneTransitionService] [SceneFlow] TransitionStarted signature='p:frontend|a:MenuScene|f:1|l:MenuScene|UIGlobalScene|u:GameplayScene' profile='frontend' Load=[MenuScene, UIGlobalScene], Unload=[GameplayScene], Active='MenuScene', UseFade=True, Profile='frontend'</color>
[INFO] [PostGameOverlayController] [PostGame] ExitToMenu solicitado via overlay. reason='PostGame/ExitToMenu'.
<color=#A8DEED>[VERBOSE] [WorldLifecycleSceneFlowResetDriver] [WorldLifecycle] ScenesReady ignorado (profile != gameplay). signature='p:frontend|a:MenuScene|f:1|l:MenuScene|UIGlobalScene|u:GameplayScene', profile='frontend'. (@ 100,04s)</color>
<color=#A8DEED>[INFO] [SceneTransitionService] [SceneFlow] ScenesReady signature='p:frontend|a:MenuScene|f:1|l:MenuScene|UIGlobalScene|u:GameplayScene' profile='frontend'.</color>
<color=#4CAF50>[INFO] [SceneTransitionService] [SceneFlow] TransitionCompleted signature='p:frontend|a:MenuScene|f:1|l:MenuScene|UIGlobalScene|u:GameplayScene' profile='frontend'.</color>
